C:\Program Files (x86)\Microsoft Visual Studio\2017\Community\Common7\IDE\VC\VCTargets\Microsoft.CppBuild.targets(391,5): warning MSB8028: The intermediate directory (Debug\) contains files shared from another project (Окошечко с нуля.vcxproj).  This can lead to incorrect clean and rebuild behavior.
  MultiProcessStoryTelling.cpp
c:\users\сергей\desktop\ready\окошечко с нуля\options.h(41): warning C4018: '<': signed/unsigned mismatch
c:\users\сергей\desktop\ready\окошечко с нуля\oslabfunctions.h(3): warning C4067: unexpected tokens following preprocessor directive - expected a newline
  SaveBitMaps.cpp
c:\users\сергей\desktop\ready\окошечко с нуля\options.h(41): warning C4018: '<': signed/unsigned mismatch
  FileWorking.cpp
c:\users\сергей\desktop\ready\окошечко с нуля\options.h(41): warning C4018: '<': signed/unsigned mismatch
c:\users\сергей\desktop\ready\окошечко с нуля\oslabfunctions.h(3): warning C4067: unexpected tokens following preprocessor directive - expected a newline
  Graphics.cpp
c:\users\сергей\desktop\ready\окошечко с нуля\options.h(41): warning C4018: '<': signed/unsigned mismatch
  OsLabGlobalsDefinition.cpp
c:\users\сергей\desktop\ready\окошечко с нуля\options.h(41): warning C4018: '<': signed/unsigned mismatch
  Source.cpp
c:\users\сергей\desktop\ready\окошечко с нуля\oslabfunctions.h(3): warning C4067: unexpected tokens following preprocessor directive - expected a newline
c:\users\сергей\desktop\ready\окошечко с нуля\options.h(41): warning C4018: '<': signed/unsigned mismatch
  Service.cpp
c:\users\сергей\desktop\ready\окошечко с нуля\oslabfunctions.h(3): warning C4067: unexpected tokens following preprocessor directive - expected a newline
c:\users\сергей\desktop\ready\окошечко с нуля\options.h(41): warning C4018: '<': signed/unsigned mismatch
c:\users\сергей\desktop\ready\окошечко с нуля\service.cpp(188): warning C4302: 'type cast': truncation from 'LPWSTR' to 'WORD'
  Generating Code...
  Окошечко с нуля.vcxproj -> C:\Users\Сергей\Desktop\ready\Debug\perfectGame.exe
